Internal timers: 
================ 
                          Elapsed time  :  Elapsed ratio :
 
 - [RBDY3] comp mass      0.6000000D-05 s          0.00 %
 - [RBDY3] comp Fext      0.7910000D-03 s          0.02 %
 - [RBDY3] comp bulk      0.9800000D-03 s          0.03 %
 - [RBDY3] comp Free V    0.1328000D-02 s          0.04 %
 - [PRPRx] select         0.1624030D+00 s          4.42 %
 - [inter_3D] recup       0.1035500D-01 s          0.28 %
 - [NLGS3] prep           0.1889000D-02 s          0.05 %
 - [NLGS3] iter           0.2232000D-02 s          0.06 %
 - [NLGS3] check          0.3900000D-03 s          0.01 %
 - [NLGS3] post           0.3780000D-03 s          0.01 %
 - [inter_3D] stock       0.1071100D-01 s          0.29 %
 - [RBDY3] comp dof       0.1279000D-02 s          0.03 %
 - [RBDY3] update dof     0.7480000D-03 s          0.02 %
                         -----------------       ---------
  Accounted time          0.1934900D+00 s          5.26 %
  Total elapsed time      0.3675588D+01
 
 
User timers: 
============ 
                          Elapsed time  :  Elapsed ratio :
 
 - gravity computation    0.3054098D+01 s         83.09 %
                         -----------------       ---------
  Accounted time          0.3054098D+01 s         83.09 %
  Total elapsed time      0.3675604D+01
